<?xml version="1.0" encoding="UTF-8"?>
<testng-results ignored="0" total="3" passed="3" failed="0" skipped="0">
  <reporter-output>
  </reporter-output>
  <suite started-at="2020-06-24T11:39:01Z" name="Command line suite" finished-at="2020-06-24T11:39:58Z" duration-ms="56673">
    <groups>
    </groups>
    <test started-at="2020-06-24T11:39:01Z" name="Command line test" finished-at="2020-06-24T11:39:58Z" duration-ms="56673">
      <class name="com.google.qa.tests.GoogleLogOutTest">
        <test-method is-config="true" signature="setUp()[pri:0, instance:com.google.qa.tests.GoogleLogOutTest@3cb1ffe6]" started-at="2020-06-24T14:39:01Z" name="setUp" finished-at="2020-06-24T14:39:21Z" duration-ms="19356" status="PASS">
          <reporter-output>
          </reporter-output>
        </test-method> <!-- setUp -->
        <test-method signature="logoutTest()[pri:0, instance:com.google.qa.tests.GoogleLogOutTest@3cb1ffe6]" started-at="2020-06-24T14:39:21Z" name="logoutTest" finished-at="2020-06-24T14:39:22Z" duration-ms="1254" status="PASS">
          <reporter-output>
          </reporter-output>
        </test-method> <!-- logoutTest -->
        <test-method is-config="true" signature="tearDown()[pri:0, instance:com.google.qa.tests.GoogleLogOutTest@3cb1ffe6]" started-at="2020-06-24T14:39:22Z" name="tearDown" finished-at="2020-06-24T14:39:22Z" duration-ms="608" status="PASS">
          <reporter-output>
          </reporter-output>
        </test-method> <!-- tearDown -->
      </class> <!-- com.google.qa.tests.GoogleLogOutTest -->
      <class name="com.google.qa.tests.GoogleSignInTest">
        <test-method is-config="true" signature="setUp()[pri:0, instance:com.google.qa.tests.GoogleSignInTest@467aecef]" started-at="2020-06-24T14:39:41Z" name="setUp" finished-at="2020-06-24T14:39:48Z" duration-ms="6224" status="PASS">
          <reporter-output>
          </reporter-output>
        </test-method> <!-- setUp -->
        <test-method signature="loginTest()[pri:0, instance:com.google.qa.tests.GoogleSignInTest@467aecef]" started-at="2020-06-24T14:39:48Z" name="loginTest" finished-at="2020-06-24T14:39:57Z" duration-ms="9715" status="PASS">
          <reporter-output>
          </reporter-output>
        </test-method> <!-- loginTest -->
        <test-method is-config="true" signature="tearDown()[pri:0, instance:com.google.qa.tests.GoogleSignInTest@467aecef]" started-at="2020-06-24T14:39:57Z" name="tearDown" finished-at="2020-06-24T14:39:58Z" duration-ms="599" status="PASS">
          <reporter-output>
          </reporter-output>
        </test-method> <!-- tearDown -->
      </class> <!-- com.google.qa.tests.GoogleSignInTest -->
      <class name="com.google.qa.tests.GoogleSendMailTest">
        <test-method is-config="true" signature="setUp()[pri:0, instance:com.google.qa.tests.GoogleSendMailTest@3dfc5fb8]" started-at="2020-06-24T14:39:22Z" name="setUp" finished-at="2020-06-24T14:39:34Z" duration-ms="11749" status="PASS">
          <reporter-output>
          </reporter-output>
        </test-method> <!-- setUp -->
        <test-method signature="letter()[pri:0, instance:com.google.qa.tests.GoogleSendMailTest@3dfc5fb8]" started-at="2020-06-24T14:39:34Z" name="letter" finished-at="2020-06-24T14:39:40Z" duration-ms="5395" status="PASS">
          <reporter-output>
          </reporter-output>
        </test-method> <!-- letter -->
        <test-method is-config="true" signature="tearDown()[pri:0, instance:com.google.qa.tests.GoogleSendMailTest@3dfc5fb8]" started-at="2020-06-24T14:39:40Z" name="tearDown" finished-at="2020-06-24T14:39:41Z" duration-ms="1759" status="PASS">
          <reporter-output>
          </reporter-output>
        </test-method> <!-- tearDown -->
      </class> <!-- com.google.qa.tests.GoogleSendMailTest -->
    </test> <!-- Command line test -->
  </suite> <!-- Command line suite -->
</testng-results>
