<?xml version="1.0" encoding="UTF-8"?>
<!-- Generated by org.testng.reporters.JUnitXMLReporter -->
<testsuite ignored="0" hostname="DESKTOP-UCK7DEO" failures="0" tests="3" name="Command line test" time="56.673" errors="0" timestamp="24 июн. 2020 11:39:58 GMT">
  <testcase classname="com.google.qa.tests.GoogleLogOutTest" name="logoutTest" time="1.254"/>
  <testcase classname="com.google.qa.tests.GoogleSendMailTest" name="letter" time="5.395"/>
  <testcase classname="com.google.qa.tests.GoogleSignInTest" name="loginTest" time="9.715"/>
</testsuite> <!-- Command line test -->
